Flow report for ram_v1
Fri Oct 26 12:56:59 2018
Quartus II 32-bit Version 13.0.1 Build 232 06/12/2013 Service Pack 1 SJ Web Edition


---------------------
; Table of Contents ;
---------------------
  1. Legal Notice
  2. Flow Summary
  3. Flow Settings
  4. Flow Non-Default Global Settings
  5. Flow Elapsed Time
  6. Flow OS Summary
  7. Flow Log
  8. Flow Messages
  9. Flow Suppressed Messages



----------------
; Legal Notice ;
----------------
Copyright (C) 1991-2013 Altera Corporation
Your use of Altera Corporation's design tools, logic functions 
and other software and tools, and its AMPP partner logic 
functions, and any output files from any of the foregoing 
(including device programming or simulation files), and any 
associated documentation or information are expressly subject 
to the terms and conditions of the Altera Program License 
Subscription Agreement, Altera MegaCore Function License 
Agreement, or other applicable license agreement, including, 
without limitation, that your use is for the sole purpose of 
programming logic devices manufactured by Altera and sold by 
Altera or its authorized distributors.  Please refer to the 
applicable agreement for further details.



+--------------------------------------------------------------------------------------+
; Flow Summary                                                                         ;
+------------------------------------+-------------------------------------------------+
; Flow Status                        ; Successful - Fri Oct 26 12:56:59 2018           ;
; Quartus II 32-bit Version          ; 13.0.1 Build 232 06/12/2013 SP 1 SJ Web Edition ;
; Revision Name                      ; ram_v1                                          ;
; Top-level Entity Name              ; ram_v1                                          ;
; Family                             ; Cyclone II                                      ;
; Device                             ; EP2C20F484C7                                    ;
; Timing Models                      ; Final                                           ;
; Total logic elements               ; 0 / 18,752 ( 0 % )                              ;
;     Total combinational functions  ; 0 / 18,752 ( 0 % )                              ;
;     Dedicated logic registers      ; 0 / 18,752 ( 0 % )                              ;
; Total registers                    ; 0                                               ;
; Total pins                         ; 26 / 315 ( 8 % )                                ;
; Total virtual pins                 ; 0                                               ;
; Total memory bits                  ; 128 / 239,616 ( < 1 % )                         ;
; Embedded Multiplier 9-bit elements ; 0 / 52 ( 0 % )                                  ;
; Total PLLs                         ; 0 / 4 ( 0 % )                                   ;
+------------------------------------+-------------------------------------------------+


+-----------------------------------------+
; Flow Settings                           ;
+-------------------+---------------------+
; Option            ; Setting             ;
+-------------------+---------------------+
; Start date & time ; 10/26/2018 12:44:33 ;
; Main task         ; Compilation         ;
; Revision Name     ; ram_v1              ;
+-------------------+---------------------+


+---------------------------------------------------------------------------------------------------------------+
; Flow Non-Default Global Settings                                                                              ;
+-------------------------------------+------------------------------+---------------+-------------+------------+
; Assignment Name                     ; Value                        ; Default Value ; Entity Name ; Section Id ;
+-------------------------------------+------------------------------+---------------+-------------+------------+
; COMPILER_SIGNATURE_ID               ; 161919497115.154057587303432 ; --            ; --          ; --         ;
; MAX_CORE_JUNCTION_TEMP              ; 85                           ; --            ; --          ; --         ;
; MIN_CORE_JUNCTION_TEMP              ; 0                            ; --            ; --          ; --         ;
; PARTITION_COLOR                     ; 16764057                     ; --            ; --          ; Top        ;
; PARTITION_FITTER_PRESERVATION_LEVEL ; PLACEMENT_AND_ROUTING        ; --            ; --          ; Top        ;
; PARTITION_NETLIST_TYPE              ; SOURCE                       ; --            ; --          ; Top        ;
; PROJECT_OUTPUT_DIRECTORY            ; output_files                 ; --            ; --          ; --         ;
+-------------------------------------+------------------------------+---------------+-------------+------------+


+-------------------------------------------------------------------------------------------------------------------------------+
; Flow Elapsed Time                                                                                                             ;
+---------------------------+--------------+-------------------------+---------------------+------------------------------------+
; Module Name               ; Elapsed Time ; Average Processors Used ; Peak Virtual Memory ; Total CPU Time (on all processors) ;
+---------------------------+--------------+-------------------------+---------------------+------------------------------------+
; Analysis & Synthesis      ; 00:00:03     ; 1.0                     ; 386 MB              ; 00:00:03                           ;
; Fitter                    ; 00:00:07     ; 1.0                     ; 444 MB              ; 00:00:06                           ;
; Assembler                 ; 00:00:02     ; 1.0                     ; 358 MB              ; 00:00:02                           ;
; TimeQuest Timing Analyzer ; 00:00:01     ; 1.0                     ; 311 MB              ; 00:00:01                           ;
; EDA Netlist Writer        ; 00:00:01     ; 1.0                     ; 307 MB              ; 00:00:01                           ;
; EDA Netlist Writer        ; 00:00:01     ; 1.0                     ; 310 MB              ; 00:00:01                           ;
; EDA Netlist Writer        ; 00:00:01     ; 1.0                     ; 307 MB              ; 00:00:01                           ;
; EDA Netlist Writer        ; 00:00:01     ; 1.0                     ; 310 MB              ; 00:00:01                           ;
; EDA Netlist Writer        ; 00:00:01     ; 1.0                     ; 307 MB              ; 00:00:01                           ;
; EDA Netlist Writer        ; 00:00:01     ; 1.0                     ; 310 MB              ; 00:00:01                           ;
; Total                     ; 00:00:19     ; --                      ; --                  ; 00:00:18                           ;
+---------------------------+--------------+-------------------------+---------------------+------------------------------------+


+----------------------------------------------------------------------------------------+
; Flow OS Summary                                                                        ;
+---------------------------+------------------+-----------+------------+----------------+
; Module Name               ; Machine Hostname ; OS Name   ; OS Version ; Processor type ;
+---------------------------+------------------+-----------+------------+----------------+
; Analysis & Synthesis      ; Simulacion13     ; Windows 7 ; 6.1        ; x86_64         ;
; Fitter                    ; Simulacion13     ; Windows 7 ; 6.1        ; x86_64         ;
; Assembler                 ; Simulacion13     ; Windows 7 ; 6.1        ; x86_64         ;
; TimeQuest Timing Analyzer ; Simulacion13     ; Windows 7 ; 6.1        ; x86_64         ;
; EDA Netlist Writer        ; Simulacion13     ; Windows 7 ; 6.1        ; x86_64         ;
; EDA Netlist Writer        ; Simulacion13     ; Windows 7 ; 6.1        ; x86_64         ;
; EDA Netlist Writer        ; Simulacion13     ; Windows 7 ; 6.1        ; x86_64         ;
; EDA Netlist Writer        ; Simulacion13     ; Windows 7 ; 6.1        ; x86_64         ;
; EDA Netlist Writer        ; Simulacion13     ; Windows 7 ; 6.1        ; x86_64         ;
; EDA Netlist Writer        ; Simulacion13     ; Windows 7 ; 6.1        ; x86_64         ;
+---------------------------+------------------+-----------+------------+----------------+


------------
; Flow Log ;
------------
quartus_map --read_settings_files=on --write_settings_files=off ram_v1 -c ram_v1
quartus_fit --read_settings_files=off --write_settings_files=off ram_v1 -c ram_v1
quartus_asm --read_settings_files=off --write_settings_files=off ram_v1 -c ram_v1
quartus_sta ram_v1 -c ram_v1
quartus_eda --gen_testbench --check_outputs=on --tool=modelsim_oem --format=verilog ram_v1 -c ram_v1 --vector_source=C:/altera/13.0sp1/VHDL/ram_v1/Waveform.vwf --testbench_file=./simulation/qsim/ram_v1.vt
quartus_eda --functional=on --simulation=on --tool=modelsim_oem --format=verilog ram_v1 -c ram_v1
quartus_eda --gen_testbench --check_outputs=on --tool=modelsim_oem --format=verilog ram_v1 -c ram_v1 --vector_source=C:/altera/13.0sp1/VHDL/ram_v1/Waveform.vwf --testbench_file=./simulation/qsim/ram_v1.vt
quartus_eda --functional=on --simulation=on --tool=modelsim_oem --format=verilog ram_v1 -c ram_v1
quartus_eda --gen_testbench --check_outputs=on --tool=modelsim_oem --format=verilog ram_v1 -c ram_v1 --vector_source=C:/altera/13.0sp1/VHDL/ram_v1/Waveform.vwf --testbench_file=./simulation/qsim/ram_v1.vt
quartus_eda --functional=on --simulation=on --tool=modelsim_oem --format=verilog ram_v1 -c ram_v1



